2018-05-30 15:07:32,011 [Worker-3] INFO  c.g.t.t.d.PublishedGradleVersions - Gradle version information cache is up-to-date. Trying to read.
2018-05-30 15:11:21,503 [Worker-10] INFO  o.e.m.c.i.l.LifecycleMappingFactory - Using NULL lifecycle mapping for MavenProject: fr.exia:lorann:0.0.1-SNAPSHOT @ C:\Users\1843251\Downloads\Lorann\Lorann\pom.xml.
2018-05-30 15:11:27,239 [Worker-10] INFO  o.e.m.c.i.l.LifecycleMappingFactory - Using org.eclipse.m2e.jdt.JarLifecycleMapping lifecycle mapping for MavenProject: fr.exia:contract:0.0.1-SNAPSHOT @ C:\Users\1843251\Downloads\Lorann\Lorann\contract\pom.xml.
2018-05-30 15:11:27,353 [Worker-10] INFO  o.e.m.c.i.l.LifecycleMappingFactory - Using org.eclipse.m2e.jdt.JarLifecycleMapping lifecycle mapping for MavenProject: fr.exia:controller:0.0.1-SNAPSHOT @ C:\Users\1843251\Downloads\Lorann\Lorann\controller\pom.xml.
2018-05-30 15:11:27,455 [Worker-10] INFO  o.e.m.c.i.l.LifecycleMappingFactory - Using org.eclipse.m2e.jdt.JarLifecycleMapping lifecycle mapping for MavenProject: fr.exia:model:0.0.1-SNAPSHOT @ C:\Users\1843251\Downloads\Lorann\Lorann\model\pom.xml.
2018-05-30 15:11:27,611 [Worker-10] INFO  o.e.m.c.i.l.LifecycleMappingFactory - Using org.eclipse.m2e.jdt.JarLifecycleMapping lifecycle mapping for MavenProject: fr.exia:view:0.0.1-SNAPSHOT @ C:\Users\1843251\Downloads\Lorann\Lorann\view\pom.xml.
2018-05-30 15:11:27,774 [Worker-10] INFO  o.e.m.c.i.l.LifecycleMappingFactory - Using org.eclipse.m2e.jdt.JarLifecycleMapping lifecycle mapping for MavenProject: fr.exia:main:0.0.1-SNAPSHOT @ C:\Users\1843251\Downloads\Lorann\Lorann\main\pom.xml.
2018-05-30 15:11:27,882 [Worker-10] INFO  o.e.m.c.i.l.LifecycleMappingFactory - Using org.eclipse.m2e.jdt.JarLifecycleMapping lifecycle mapping for MavenProject: fr.exia:showboard:0.0.1-SNAPSHOT @ C:\Users\1843251\Downloads\Lorann\Lorann\showboard\pom.xml.
2018-05-30 15:11:30,152 [Worker-10] INFO  o.e.m.j.i.AbstractJavaProjectConfigurator - Adding source folder /showboard/src/main/java
2018-05-30 15:11:30,152 [Worker-10] INFO  o.e.m.j.i.AbstractJavaProjectConfigurator - Adding resource folder /showboard/src/main/resources
2018-05-30 15:11:30,153 [Worker-10] INFO  o.e.m.j.i.AbstractJavaProjectConfigurator - Adding source folder /showboard/src/test/java
2018-05-30 15:11:30,154 [Worker-10] INFO  o.e.m.j.i.AbstractJavaProjectConfigurator - Adding resource folder /showboard/src/test/resources
2018-05-30 15:11:30,400 [Worker-10] INFO  o.e.m.j.i.AbstractJavaProjectConfigurator - Adding source folder /contract/src/main/java
2018-05-30 15:11:30,401 [Worker-10] INFO  o.e.m.j.i.AbstractJavaProjectConfigurator - Adding resource folder /contract/src/main/resources
2018-05-30 15:11:30,401 [Worker-10] INFO  o.e.m.j.i.AbstractJavaProjectConfigurator - Adding source folder /contract/src/test/java
2018-05-30 15:11:30,402 [Worker-10] INFO  o.e.m.j.i.AbstractJavaProjectConfigurator - Adding resource folder /contract/src/test/resources
2018-05-30 15:11:30,455 [Worker-10] INFO  o.e.m.j.i.AbstractJavaProjectConfigurator - Adding source folder /view/src/main/java
2018-05-30 15:11:30,455 [Worker-10] INFO  o.e.m.j.i.AbstractJavaProjectConfigurator - Adding resource folder /view/src/main/resources
2018-05-30 15:11:30,456 [Worker-10] INFO  o.e.m.j.i.AbstractJavaProjectConfigurator - Adding source folder /view/src/test/java
2018-05-30 15:11:30,456 [Worker-10] INFO  o.e.m.j.i.AbstractJavaProjectConfigurator - Adding resource folder /view/src/test/resources
2018-05-30 15:11:30,517 [Worker-10] INFO  o.e.m.j.i.AbstractJavaProjectConfigurator - Adding source folder /controller/src/main/java
2018-05-30 15:11:30,517 [Worker-10] INFO  o.e.m.j.i.AbstractJavaProjectConfigurator - Adding resource folder /controller/src/main/resources
2018-05-30 15:11:30,518 [Worker-10] INFO  o.e.m.j.i.AbstractJavaProjectConfigurator - Adding source folder /controller/src/test/java
2018-05-30 15:11:30,518 [Worker-10] INFO  o.e.m.j.i.AbstractJavaProjectConfigurator - Adding resource folder /controller/src/test/resources
2018-05-30 15:11:30,569 [Worker-10] INFO  o.e.m.j.i.AbstractJavaProjectConfigurator - Adding source folder /model/src/main/java
2018-05-30 15:11:30,570 [Worker-10] INFO  o.e.m.j.i.AbstractJavaProjectConfigurator - Adding resource folder /model/src/main/resources
2018-05-30 15:11:30,570 [Worker-10] INFO  o.e.m.j.i.AbstractJavaProjectConfigurator - Adding source folder /model/src/test/java
2018-05-30 15:11:30,571 [Worker-10] INFO  o.e.m.j.i.AbstractJavaProjectConfigurator - Adding resource folder /model/src/test/resources
2018-05-30 15:11:30,618 [Worker-10] INFO  o.e.m.j.i.AbstractJavaProjectConfigurator - Adding source folder /main/src/main/java
2018-05-30 15:11:30,619 [Worker-10] INFO  o.e.m.j.i.AbstractJavaProjectConfigurator - Adding resource folder /main/src/main/resources
2018-05-30 15:11:30,620 [Worker-10] INFO  o.e.m.j.i.AbstractJavaProjectConfigurator - Adding source folder /main/src/test/java
2018-05-30 15:11:30,621 [Worker-10] INFO  o.e.m.j.i.AbstractJavaProjectConfigurator - Adding resource folder /main/src/test/resources
2018-05-30 15:11:30,678 [Worker-10] INFO  o.e.m.c.i.p.ProjectConfigurationManager - Imported and configured 7 project(s) in 11 sec
2018-05-30 15:11:30,877 [Worker-2] ERROR o.e.m.c.i.p.ProjectConfigurationManager - Project lorann already exists
2018-05-30 15:11:30,889 [Worker-2] ERROR o.e.m.c.i.p.ProjectConfigurationManager - Project contract already exists
2018-05-30 15:11:30,901 [Worker-2] ERROR o.e.m.c.i.p.ProjectConfigurationManager - Project controller already exists
2018-05-30 15:11:30,911 [Worker-2] ERROR o.e.m.c.i.p.ProjectConfigurationManager - Project model already exists
2018-05-30 15:11:30,921 [Worker-2] ERROR o.e.m.c.i.p.ProjectConfigurationManager - Project view already exists
2018-05-30 15:11:30,930 [Worker-2] ERROR o.e.m.c.i.p.ProjectConfigurationManager - Project main already exists
2018-05-30 15:11:30,939 [Worker-2] ERROR o.e.m.c.i.p.ProjectConfigurationManager - Project showboard already exists
2018-05-30 15:11:30,950 [Worker-2] INFO  o.e.m.c.i.p.ProjectConfigurationManager - Imported and configured 7 project(s) in 0 sec
2018-05-30 15:11:31,457 [Worker-8] ERROR o.e.m.c.i.p.ProjectConfigurationManager - Project lorann already exists
2018-05-30 15:11:31,465 [Worker-8] ERROR o.e.m.c.i.p.ProjectConfigurationManager - Project contract already exists
2018-05-30 15:11:31,475 [Worker-8] ERROR o.e.m.c.i.p.ProjectConfigurationManager - Project controller already exists
2018-05-30 15:11:31,485 [Worker-8] ERROR o.e.m.c.i.p.ProjectConfigurationManager - Project model already exists
2018-05-30 15:11:31,494 [Worker-8] ERROR o.e.m.c.i.p.ProjectConfigurationManager - Project view already exists
2018-05-30 15:11:31,503 [Worker-8] ERROR o.e.m.c.i.p.ProjectConfigurationManager - Project main already exists
2018-05-30 15:11:31,512 [Worker-8] ERROR o.e.m.c.i.p.ProjectConfigurationManager - Project showboard already exists
2018-05-30 15:11:31,528 [Worker-8] INFO  o.e.m.c.i.p.ProjectConfigurationManager - Imported and configured 7 project(s) in 0 sec
2018-05-30 15:11:31,721 [Worker-0] WARN  o.e.m.c.i.embedder.EclipseLogger - Using platform encoding (Cp1252 actually) to copy filtered resources, i.e. build is platform dependent!
2018-05-30 15:11:31,732 [Worker-0] INFO  o.e.m.c.i.embedder.EclipseLogger - Copying 0 resource
2018-05-30 15:11:31,735 [Worker-0] WARN  o.e.m.c.i.embedder.EclipseLogger - Using platform encoding (Cp1252 actually) to copy filtered resources, i.e. build is platform dependent!
2018-05-30 15:11:31,750 [Worker-0] INFO  o.e.m.c.i.embedder.EclipseLogger - Copying 0 resource
2018-05-30 15:11:31,954 [Worker-0] WARN  o.e.m.c.i.embedder.EclipseLogger - Using platform encoding (Cp1252 actually) to copy filtered resources, i.e. build is platform dependent!
2018-05-30 15:11:31,974 [Worker-0] INFO  o.e.m.c.i.embedder.EclipseLogger - Copying 0 resource
2018-05-30 15:11:31,975 [Worker-0] WARN  o.e.m.c.i.embedder.EclipseLogger - Using platform encoding (Cp1252 actually) to copy filtered resources, i.e. build is platform dependent!
2018-05-30 15:11:31,991 [Worker-0] INFO  o.e.m.c.i.embedder.EclipseLogger - Copying 0 resource
2018-05-30 15:11:32,110 [Worker-0] WARN  o.e.m.c.i.embedder.EclipseLogger - Using platform encoding (Cp1252 actually) to copy filtered resources, i.e. build is platform dependent!
2018-05-30 15:11:32,201 [Worker-0] INFO  o.e.m.c.i.embedder.EclipseLogger - Copying 0 resource
2018-05-30 15:11:32,202 [Worker-0] WARN  o.e.m.c.i.embedder.EclipseLogger - Using platform encoding (Cp1252 actually) to copy filtered resources, i.e. build is platform dependent!
2018-05-30 15:11:32,234 [Worker-0] INFO  o.e.m.c.i.embedder.EclipseLogger - Copying 0 resource
2018-05-30 15:11:32,338 [Worker-0] WARN  o.e.m.c.i.embedder.EclipseLogger - Using platform encoding (Cp1252 actually) to copy filtered resources, i.e. build is platform dependent!
2018-05-30 15:11:32,347 [Worker-0] INFO  o.e.m.c.i.embedder.EclipseLogger - Copying 0 resource
2018-05-30 15:11:32,349 [Worker-0] WARN  o.e.m.c.i.embedder.EclipseLogger - Using platform encoding (Cp1252 actually) to copy filtered resources, i.e. build is platform dependent!
2018-05-30 15:11:32,365 [Worker-0] INFO  o.e.m.c.i.embedder.EclipseLogger - Copying 0 resource
2018-05-30 15:11:32,443 [Worker-0] WARN  o.e.m.c.i.embedder.EclipseLogger - Using platform encoding (Cp1252 actually) to copy filtered resources, i.e. build is platform dependent!
2018-05-30 15:11:32,453 [Worker-0] INFO  o.e.m.c.i.embedder.EclipseLogger - Copying 0 resource
2018-05-30 15:11:32,454 [Worker-0] WARN  o.e.m.c.i.embedder.EclipseLogger - Using platform encoding (Cp1252 actually) to copy filtered resources, i.e. build is platform dependent!
2018-05-30 15:11:32,471 [Worker-0] INFO  o.e.m.c.i.embedder.EclipseLogger - Copying 0 resource
2018-05-30 15:11:32,501 [Worker-0] WARN  o.e.m.c.i.embedder.EclipseLogger - Using platform encoding (Cp1252 actually) to copy filtered resources, i.e. build is platform dependent!
2018-05-30 15:11:32,516 [Worker-0] INFO  o.e.m.c.i.embedder.EclipseLogger - Copying 0 resource
2018-05-30 15:11:32,518 [Worker-0] WARN  o.e.m.c.i.embedder.EclipseLogger - Using platform encoding (Cp1252 actually) to copy filtered resources, i.e. build is platform dependent!
2018-05-30 15:11:32,536 [Worker-0] INFO  o.e.m.c.i.embedder.EclipseLogger - Copying 0 resource
2018-05-30 15:13:27,688 [Worker-0] WARN  o.e.m.c.i.embedder.EclipseLogger - Using platform encoding (Cp1252 actually) to copy filtered resources, i.e. build is platform dependent!
2018-05-30 15:13:27,700 [Worker-0] INFO  o.e.m.c.i.embedder.EclipseLogger - Copying 0 resource
2018-05-30 15:13:27,701 [Worker-0] WARN  o.e.m.c.i.embedder.EclipseLogger - Using platform encoding (Cp1252 actually) to copy filtered resources, i.e. build is platform dependent!
2018-05-30 15:13:27,710 [Worker-0] INFO  o.e.m.c.i.embedder.EclipseLogger - Copying 0 resource
2018-05-30 15:13:27,737 [Worker-0] WARN  o.e.m.c.i.embedder.EclipseLogger - Using platform encoding (Cp1252 actually) to copy filtered resources, i.e. build is platform dependent!
2018-05-30 15:13:27,748 [Worker-0] INFO  o.e.m.c.i.embedder.EclipseLogger - Copying 0 resource
2018-05-30 15:13:27,753 [Worker-0] WARN  o.e.m.c.i.embedder.EclipseLogger - Using platform encoding (Cp1252 actually) to copy filtered resources, i.e. build is platform dependent!
2018-05-30 15:13:27,770 [Worker-0] INFO  o.e.m.c.i.embedder.EclipseLogger - Copying 0 resource
2018-05-30 15:13:27,811 [Worker-0] WARN  o.e.m.c.i.embedder.EclipseLogger - Using platform encoding (Cp1252 actually) to copy filtered resources, i.e. build is platform dependent!
2018-05-30 15:13:27,824 [Worker-0] INFO  o.e.m.c.i.embedder.EclipseLogger - Copying 0 resource
2018-05-30 15:13:27,825 [Worker-0] WARN  o.e.m.c.i.embedder.EclipseLogger - Using platform encoding (Cp1252 actually) to copy filtered resources, i.e. build is platform dependent!
2018-05-30 15:13:27,839 [Worker-0] INFO  o.e.m.c.i.embedder.EclipseLogger - Copying 0 resource
2018-05-30 15:13:27,862 [Worker-0] WARN  o.e.m.c.i.embedder.EclipseLogger - Using platform encoding (Cp1252 actually) to copy filtered resources, i.e. build is platform dependent!
2018-05-30 15:13:27,868 [Worker-0] INFO  o.e.m.c.i.embedder.EclipseLogger - Copying 0 resource
2018-05-30 15:13:27,869 [Worker-0] WARN  o.e.m.c.i.embedder.EclipseLogger - Using platform encoding (Cp1252 actually) to copy filtered resources, i.e. build is platform dependent!
2018-05-30 15:13:27,882 [Worker-0] INFO  o.e.m.c.i.embedder.EclipseLogger - Copying 0 resource
2018-05-30 15:13:27,902 [Worker-0] WARN  o.e.m.c.i.embedder.EclipseLogger - Using platform encoding (Cp1252 actually) to copy filtered resources, i.e. build is platform dependent!
2018-05-30 15:13:27,909 [Worker-0] INFO  o.e.m.c.i.embedder.EclipseLogger - Copying 0 resource
2018-05-30 15:13:27,910 [Worker-0] WARN  o.e.m.c.i.embedder.EclipseLogger - Using platform encoding (Cp1252 actually) to copy filtered resources, i.e. build is platform dependent!
2018-05-30 15:13:27,916 [Worker-0] INFO  o.e.m.c.i.embedder.EclipseLogger - Copying 0 resource
2018-05-30 15:13:27,939 [Worker-0] WARN  o.e.m.c.i.embedder.EclipseLogger - Using platform encoding (Cp1252 actually) to copy filtered resources, i.e. build is platform dependent!
2018-05-30 15:13:27,946 [Worker-0] INFO  o.e.m.c.i.embedder.EclipseLogger - Copying 0 resource
2018-05-30 15:13:27,947 [Worker-0] WARN  o.e.m.c.i.embedder.EclipseLogger - Using platform encoding (Cp1252 actually) to copy filtered resources, i.e. build is platform dependent!
2018-05-30 15:13:27,957 [Worker-0] INFO  o.e.m.c.i.embedder.EclipseLogger - Copying 0 resource
2018-05-30 15:14:24,281 [Worker-13] WARN  o.e.m.c.i.embedder.EclipseLogger - Using platform encoding (Cp1252 actually) to copy filtered resources, i.e. build is platform dependent!
2018-05-30 15:14:24,290 [Worker-13] INFO  o.e.m.c.i.embedder.EclipseLogger - Copying 0 resource
2018-05-30 15:14:24,292 [Worker-13] WARN  o.e.m.c.i.embedder.EclipseLogger - Using platform encoding (Cp1252 actually) to copy filtered resources, i.e. build is platform dependent!
2018-05-30 15:14:24,307 [Worker-13] INFO  o.e.m.c.i.embedder.EclipseLogger - Copying 0 resource
2018-05-30 15:17:47,608 [Worker-8] INFO  o.e.m.c.i.p.ProjectConfigurationManager - Update started
2018-05-30 15:17:47,800 [Worker-8] INFO  o.e.m.c.i.l.LifecycleMappingFactory - Using NULL lifecycle mapping for MavenProject: fr.exia:lorann:0.0.1-SNAPSHOT @ C:\Users\1843251\Downloads\Lorann\Lorann\pom.xml.
2018-05-30 15:17:48,144 [Worker-8] INFO  o.e.m.c.i.l.LifecycleMappingFactory - Using org.eclipse.m2e.jdt.JarLifecycleMapping lifecycle mapping for MavenProject: fr.exia:contract:0.0.1-SNAPSHOT @ C:\Users\1843251\Downloads\Lorann\Lorann\contract\pom.xml.
2018-05-30 15:17:48,200 [Worker-8] INFO  o.e.m.c.i.l.LifecycleMappingFactory - Using org.eclipse.m2e.jdt.JarLifecycleMapping lifecycle mapping for MavenProject: fr.exia:controller:0.0.1-SNAPSHOT @ C:\Users\1843251\Downloads\Lorann\Lorann\controller\pom.xml.
2018-05-30 15:17:48,272 [Worker-8] INFO  o.e.m.c.i.l.LifecycleMappingFactory - Using org.eclipse.m2e.jdt.JarLifecycleMapping lifecycle mapping for MavenProject: fr.exia:main:0.0.1-SNAPSHOT @ C:\Users\1843251\Downloads\Lorann\Lorann\main\pom.xml.
2018-05-30 15:17:48,342 [Worker-8] INFO  o.e.m.c.i.l.LifecycleMappingFactory - Using org.eclipse.m2e.jdt.JarLifecycleMapping lifecycle mapping for MavenProject: fr.exia:model:0.0.1-SNAPSHOT @ C:\Users\1843251\Downloads\Lorann\Lorann\model\pom.xml.
2018-05-30 15:17:48,407 [Worker-8] INFO  o.e.m.c.i.l.LifecycleMappingFactory - Using org.eclipse.m2e.jdt.JarLifecycleMapping lifecycle mapping for MavenProject: fr.exia:showboard:0.0.1-SNAPSHOT @ C:\Users\1843251\Downloads\Lorann\Lorann\showboard\pom.xml.
2018-05-30 15:17:48,476 [Worker-8] INFO  o.e.m.c.i.l.LifecycleMappingFactory - Using org.eclipse.m2e.jdt.JarLifecycleMapping lifecycle mapping for MavenProject: fr.exia:view:0.0.1-SNAPSHOT @ C:\Users\1843251\Downloads\Lorann\Lorann\view\pom.xml.
2018-05-30 15:17:48,902 [Worker-8] INFO  o.e.m.j.i.AbstractJavaProjectConfigurator - Adding source folder /contract/src/main/java
2018-05-30 15:17:48,902 [Worker-8] INFO  o.e.m.j.i.AbstractJavaProjectConfigurator - Adding resource folder /contract/src/main/resources
2018-05-30 15:17:48,903 [Worker-8] INFO  o.e.m.j.i.AbstractJavaProjectConfigurator - Adding source folder /contract/src/test/java
2018-05-30 15:17:48,903 [Worker-8] INFO  o.e.m.j.i.AbstractJavaProjectConfigurator - Adding resource folder /contract/src/test/resources
2018-05-30 15:17:48,946 [Worker-8] INFO  o.e.m.j.i.AbstractJavaProjectConfigurator - Adding source folder /controller/src/main/java
2018-05-30 15:17:48,946 [Worker-8] INFO  o.e.m.j.i.AbstractJavaProjectConfigurator - Adding resource folder /controller/src/main/resources
2018-05-30 15:17:48,946 [Worker-8] INFO  o.e.m.j.i.AbstractJavaProjectConfigurator - Adding source folder /controller/src/test/java
2018-05-30 15:17:48,947 [Worker-8] INFO  o.e.m.j.i.AbstractJavaProjectConfigurator - Adding resource folder /controller/src/test/resources
2018-05-30 15:17:48,987 [Worker-8] INFO  o.e.m.j.i.AbstractJavaProjectConfigurator - Adding source folder /main/src/main/java
2018-05-30 15:17:48,987 [Worker-8] INFO  o.e.m.j.i.AbstractJavaProjectConfigurator - Adding resource folder /main/src/main/resources
2018-05-30 15:17:48,987 [Worker-8] INFO  o.e.m.j.i.AbstractJavaProjectConfigurator - Adding source folder /main/src/test/java
2018-05-30 15:17:48,987 [Worker-8] INFO  o.e.m.j.i.AbstractJavaProjectConfigurator - Adding resource folder /main/src/test/resources
2018-05-30 15:17:49,029 [Worker-8] INFO  o.e.m.j.i.AbstractJavaProjectConfigurator - Adding source folder /model/src/main/java
2018-05-30 15:17:49,029 [Worker-8] INFO  o.e.m.j.i.AbstractJavaProjectConfigurator - Adding resource folder /model/src/main/resources
2018-05-30 15:17:49,029 [Worker-8] INFO  o.e.m.j.i.AbstractJavaProjectConfigurator - Adding source folder /model/src/test/java
2018-05-30 15:17:49,030 [Worker-8] INFO  o.e.m.j.i.AbstractJavaProjectConfigurator - Adding resource folder /model/src/test/resources
2018-05-30 15:17:49,068 [Worker-8] INFO  o.e.m.j.i.AbstractJavaProjectConfigurator - Adding source folder /showboard/src/main/java
2018-05-30 15:17:49,068 [Worker-8] INFO  o.e.m.j.i.AbstractJavaProjectConfigurator - Adding resource folder /showboard/src/main/resources
2018-05-30 15:17:49,070 [Worker-8] INFO  o.e.m.j.i.AbstractJavaProjectConfigurator - Adding source folder /showboard/src/test/java
2018-05-30 15:17:49,076 [Worker-8] INFO  o.e.m.j.i.AbstractJavaProjectConfigurator - Adding resource folder /showboard/src/test/resources
2018-05-30 15:17:49,147 [Worker-8] INFO  o.e.m.j.i.AbstractJavaProjectConfigurator - Adding source folder /view/src/main/java
2018-05-30 15:17:49,148 [Worker-8] INFO  o.e.m.j.i.AbstractJavaProjectConfigurator - Adding resource folder /view/src/main/resources
2018-05-30 15:17:49,148 [Worker-8] INFO  o.e.m.j.i.AbstractJavaProjectConfigurator - Adding source folder /view/src/test/java
2018-05-30 15:17:49,148 [Worker-8] INFO  o.e.m.j.i.AbstractJavaProjectConfigurator - Adding resource folder /view/src/test/resources
2018-05-30 15:17:49,330 [Worker-8] INFO  o.e.m.c.i.p.ProjectConfigurationManager - Update completed: 1 sec
2018-05-30 15:17:49,632 [Worker-10] WARN  o.e.m.c.i.embedder.EclipseLogger - Using platform encoding (Cp1252 actually) to copy filtered resources, i.e. build is platform dependent!
2018-05-30 15:17:49,641 [Worker-10] INFO  o.e.m.c.i.embedder.EclipseLogger - Copying 0 resource
2018-05-30 15:17:49,649 [Worker-10] WARN  o.e.m.c.i.embedder.EclipseLogger - Using platform encoding (Cp1252 actually) to copy filtered resources, i.e. build is platform dependent!
2018-05-30 15:17:49,658 [Worker-10] INFO  o.e.m.c.i.embedder.EclipseLogger - Copying 0 resource
2018-05-30 15:17:49,769 [Worker-10] WARN  o.e.m.c.i.embedder.EclipseLogger - Using platform encoding (Cp1252 actually) to copy filtered resources, i.e. build is platform dependent!
2018-05-30 15:17:49,778 [Worker-10] INFO  o.e.m.c.i.embedder.EclipseLogger - Copying 0 resource
2018-05-30 15:17:49,779 [Worker-10] WARN  o.e.m.c.i.embedder.EclipseLogger - Using platform encoding (Cp1252 actually) to copy filtered resources, i.e. build is platform dependent!
2018-05-30 15:17:49,786 [Worker-10] INFO  o.e.m.c.i.embedder.EclipseLogger - Copying 0 resource
2018-05-30 15:17:49,875 [Worker-10] WARN  o.e.m.c.i.embedder.EclipseLogger - Using platform encoding (Cp1252 actually) to copy filtered resources, i.e. build is platform dependent!
2018-05-30 15:17:49,896 [Worker-10] INFO  o.e.m.c.i.embedder.EclipseLogger - Copying 0 resource
2018-05-30 15:17:49,903 [Worker-10] WARN  o.e.m.c.i.embedder.EclipseLogger - Using platform encoding (Cp1252 actually) to copy filtered resources, i.e. build is platform dependent!
2018-05-30 15:17:49,912 [Worker-10] INFO  o.e.m.c.i.embedder.EclipseLogger - Copying 0 resource
2018-05-30 15:17:49,961 [Worker-10] WARN  o.e.m.c.i.embedder.EclipseLogger - Using platform encoding (Cp1252 actually) to copy filtered resources, i.e. build is platform dependent!
2018-05-30 15:17:49,970 [Worker-10] INFO  o.e.m.c.i.embedder.EclipseLogger - Copying 0 resource
2018-05-30 15:17:49,972 [Worker-10] WARN  o.e.m.c.i.embedder.EclipseLogger - Using platform encoding (Cp1252 actually) to copy filtered resources, i.e. build is platform dependent!
2018-05-30 15:17:49,981 [Worker-10] INFO  o.e.m.c.i.embedder.EclipseLogger - Copying 0 resource
2018-05-30 15:17:50,026 [Worker-10] WARN  o.e.m.c.i.embedder.EclipseLogger - Using platform encoding (Cp1252 actually) to copy filtered resources, i.e. build is platform dependent!
2018-05-30 15:17:50,034 [Worker-10] INFO  o.e.m.c.i.embedder.EclipseLogger - Copying 0 resource
2018-05-30 15:17:50,042 [Worker-10] WARN  o.e.m.c.i.embedder.EclipseLogger - Using platform encoding (Cp1252 actually) to copy filtered resources, i.e. build is platform dependent!
2018-05-30 15:17:50,051 [Worker-10] INFO  o.e.m.c.i.embedder.EclipseLogger - Copying 0 resource
2018-05-30 15:17:50,099 [Worker-10] WARN  o.e.m.c.i.embedder.EclipseLogger - Using platform encoding (Cp1252 actually) to copy filtered resources, i.e. build is platform dependent!
2018-05-30 15:17:50,108 [Worker-10] INFO  o.e.m.c.i.embedder.EclipseLogger - Copying 0 resource
2018-05-30 15:17:50,109 [Worker-10] WARN  o.e.m.c.i.embedder.EclipseLogger - Using platform encoding (Cp1252 actually) to copy filtered resources, i.e. build is platform dependent!
2018-05-30 15:17:50,117 [Worker-10] INFO  o.e.m.c.i.embedder.EclipseLogger - Copying 0 resource
2018-05-30 15:19:34,772 [main] INFO  o.e.m2e.actions.ExecutePomAction - Creating new launch configuration
2018-05-30 15:20:28,592 [Worker-13] INFO  o.e.m.i.launch.MavenLaunchDelegate - C:\Users\1843251\Downloads\Lorann\Lorann
2018-05-30 15:20:28,592 [Worker-13] INFO  o.e.m.i.launch.MavenLaunchDelegate -  mvn -B compile
2018-05-30 15:21:46,107 [Worker-13] INFO  o.e.m.i.launch.MavenLaunchDelegate - C:\Users\1843251\Downloads\Lorann\Lorann
2018-05-30 15:21:46,107 [Worker-13] INFO  o.e.m.i.launch.MavenLaunchDelegate -  mvn -B compile
2018-05-30 15:23:33,629 [Worker-12] INFO  o.e.m.i.launch.MavenLaunchDelegate - C:\Users\1843251\Downloads\Lorann\Lorann
2018-05-30 15:23:33,629 [Worker-12] INFO  o.e.m.i.launch.MavenLaunchDelegate -  mvn -B compile
2018-05-30 15:23:53,856 [Worker-2] INFO  o.e.m.i.launch.MavenLaunchDelegate - C:\Users\1843251\Downloads\Lorann\Lorann
2018-05-30 15:23:53,856 [Worker-2] INFO  o.e.m.i.launch.MavenLaunchDelegate -  mvn -B compile
2018-05-30 15:24:29,004 [Worker-14] INFO  o.e.m.i.launch.MavenLaunchDelegate - C:\Users\1843251\Downloads\Lorann\Lorann
2018-05-30 15:24:29,004 [Worker-14] INFO  o.e.m.i.launch.MavenLaunchDelegate -  mvn -B compile
2018-05-30 15:24:58,284 [Worker-10] INFO  o.e.m.i.launch.MavenLaunchDelegate - C:\Users\1843251\Downloads\Lorann\Lorann
2018-05-30 15:24:58,285 [Worker-10] INFO  o.e.m.i.launch.MavenLaunchDelegate -  mvn -B compile
2018-05-30 15:25:12,892 [Worker-10] INFO  o.e.m.i.launch.MavenLaunchDelegate - C:\Users\1843251\Downloads\Lorann\Lorann
2018-05-30 15:25:12,892 [Worker-10] INFO  o.e.m.i.launch.MavenLaunchDelegate -  mvn -B compile
2018-05-30 15:26:15,054 [main] INFO  o.e.m2e.actions.ExecutePomAction - Using existing launch configuration
2018-05-30 15:26:15,103 [Worker-14] INFO  o.e.m.i.launch.MavenLaunchDelegate - C:\Users\1843251\Downloads\Lorann\Lorann
2018-05-30 15:26:15,113 [Worker-14] INFO  o.e.m.i.launch.MavenLaunchDelegate -  mvn -B compile
2018-05-30 15:26:22,997 [main] INFO  o.e.m2e.actions.ExecutePomAction - Creating new launch configuration
2018-05-30 15:26:29,072 [Worker-15] INFO  o.e.m.i.launch.MavenLaunchDelegate - C:\Users\1843251\Downloads\Lorann\Lorann
2018-05-30 15:26:29,072 [Worker-15] INFO  o.e.m.i.launch.MavenLaunchDelegate -  mvn -B package
2018-05-30 15:26:51,232 [Worker-15] INFO  o.e.m.i.launch.MavenLaunchDelegate - C:\Users\1843251\Downloads\Lorann\Lorann
2018-05-30 15:26:51,232 [Worker-15] INFO  o.e.m.i.launch.MavenLaunchDelegate -  mvn -B compile
2018-05-30 15:29:48,516 [main] INFO  o.e.m2e.actions.ExecutePomAction - Creating new launch configuration
2018-05-30 15:30:07,790 [Worker-14] INFO  o.e.m.i.launch.MavenLaunchDelegate - C:\Users\1843251\Downloads\Lorann\Lorann
2018-05-30 15:30:07,790 [Worker-14] INFO  o.e.m.i.launch.MavenLaunchDelegate -  mvn -B install
2018-05-30 15:30:56,746 [main] INFO  o.e.m2e.actions.ExecutePomAction - Creating new launch configuration
2018-05-30 15:30:59,380 [Worker-14] INFO  o.e.m.i.launch.MavenLaunchDelegate - C:\Users\1843251\Downloads\Lorann\Lorann
2018-05-30 15:30:59,381 [Worker-14] INFO  o.e.m.i.launch.MavenLaunchDelegate -  mvn -B site
2018-05-30 15:31:44,305 [main] INFO  o.e.m.c.i.l.LifecycleMappingFactory - Using NULL lifecycle mapping for MavenProject: fr.exia:lorann:0.0.1-SNAPSHOT @ C:\Users\1843251\Downloads\Lorann\Lorann\pom.xml.
2018-05-30 15:35:23,939 [Worker-2] WARN  o.e.m.c.i.embedder.EclipseLogger - Using platform encoding (Cp1252 actually) to copy filtered resources, i.e. build is platform dependent!
2018-05-30 15:35:23,957 [Worker-2] INFO  o.e.m.c.i.embedder.EclipseLogger - Copying 0 resource
2018-05-30 15:35:23,969 [Worker-2] WARN  o.e.m.c.i.embedder.EclipseLogger - Using platform encoding (Cp1252 actually) to copy filtered resources, i.e. build is platform dependent!
2018-05-30 15:35:23,980 [Worker-2] INFO  o.e.m.c.i.embedder.EclipseLogger - Copying 0 resource
2018-05-30 15:59:51,987 [Worker-2] WARN  o.e.m.c.i.embedder.EclipseLogger - Using platform encoding (Cp1252 actually) to copy filtered resources, i.e. build is platform dependent!
2018-05-30 15:59:52,004 [Worker-2] INFO  o.e.m.c.i.embedder.EclipseLogger - Copying 0 resource
2018-05-30 15:59:52,004 [Worker-2] WARN  o.e.m.c.i.embedder.EclipseLogger - Using platform encoding (Cp1252 actually) to copy filtered resources, i.e. build is platform dependent!
2018-05-30 15:59:52,015 [Worker-2] INFO  o.e.m.c.i.embedder.EclipseLogger - Copying 0 resource
2018-05-30 15:59:52,130 [Worker-2] WARN  o.e.m.c.i.embedder.EclipseLogger - Using platform encoding (Cp1252 actually) to copy filtered resources, i.e. build is platform dependent!
2018-05-30 15:59:52,137 [Worker-2] INFO  o.e.m.c.i.embedder.EclipseLogger - Copying 0 resource
2018-05-30 15:59:52,144 [Worker-2] WARN  o.e.m.c.i.embedder.EclipseLogger - Using platform encoding (Cp1252 actually) to copy filtered resources, i.e. build is platform dependent!
2018-05-30 15:59:52,152 [Worker-2] INFO  o.e.m.c.i.embedder.EclipseLogger - Copying 0 resource
2018-05-30 15:59:52,256 [Worker-2] WARN  o.e.m.c.i.embedder.EclipseLogger - Using platform encoding (Cp1252 actually) to copy filtered resources, i.e. build is platform dependent!
2018-05-30 15:59:52,275 [Worker-2] INFO  o.e.m.c.i.embedder.EclipseLogger - Copying 0 resource
2018-05-30 15:59:52,275 [Worker-2] WARN  o.e.m.c.i.embedder.EclipseLogger - Using platform encoding (Cp1252 actually) to copy filtered resources, i.e. build is platform dependent!
2018-05-30 15:59:52,285 [Worker-2] INFO  o.e.m.c.i.embedder.EclipseLogger - Copying 0 resource
2018-05-30 15:59:52,346 [Worker-2] WARN  o.e.m.c.i.embedder.EclipseLogger - Using platform encoding (Cp1252 actually) to copy filtered resources, i.e. build is platform dependent!
2018-05-30 15:59:52,358 [Worker-2] INFO  o.e.m.c.i.embedder.EclipseLogger - Copying 0 resource
2018-05-30 15:59:52,359 [Worker-2] WARN  o.e.m.c.i.embedder.EclipseLogger - Using platform encoding (Cp1252 actually) to copy filtered resources, i.e. build is platform dependent!
2018-05-30 15:59:52,366 [Worker-2] INFO  o.e.m.c.i.embedder.EclipseLogger - Copying 0 resource
2018-05-30 15:59:52,418 [Worker-2] WARN  o.e.m.c.i.embedder.EclipseLogger - Using platform encoding (Cp1252 actually) to copy filtered resources, i.e. build is platform dependent!
2018-05-30 15:59:52,426 [Worker-2] INFO  o.e.m.c.i.embedder.EclipseLogger - Copying 0 resource
2018-05-30 15:59:52,426 [Worker-2] WARN  o.e.m.c.i.embedder.EclipseLogger - Using platform encoding (Cp1252 actually) to copy filtered resources, i.e. build is platform dependent!
2018-05-30 15:59:52,436 [Worker-2] INFO  o.e.m.c.i.embedder.EclipseLogger - Copying 0 resource
2018-05-30 15:59:52,505 [Worker-2] WARN  o.e.m.c.i.embedder.EclipseLogger - Using platform encoding (Cp1252 actually) to copy filtered resources, i.e. build is platform dependent!
2018-05-30 15:59:52,513 [Worker-2] INFO  o.e.m.c.i.embedder.EclipseLogger - Copying 0 resource
2018-05-30 15:59:52,514 [Worker-2] WARN  o.e.m.c.i.embedder.EclipseLogger - Using platform encoding (Cp1252 actually) to copy filtered resources, i.e. build is platform dependent!
2018-05-30 15:59:52,517 [Worker-2] INFO  o.e.m.c.i.embedder.EclipseLogger - Copying 0 resource
2018-05-30 15:59:54,356 [Worker-13] INFO  o.e.m.i.launch.MavenLaunchDelegate - C:\Users\1843251\Downloads\Lorann\Lorann
2018-05-30 15:59:54,356 [Worker-13] INFO  o.e.m.i.launch.MavenLaunchDelegate -  mvn -B site
2018-05-30 16:00:35,189 [main] INFO  o.e.m2e.actions.ExecutePomAction - Creating new launch configuration
2018-05-30 16:00:37,382 [Worker-21] INFO  o.e.m.i.launch.MavenLaunchDelegate - C:\Users\1843251\Downloads\Lorann\Lorann
2018-05-30 16:00:37,382 [Worker-21] INFO  o.e.m.i.launch.MavenLaunchDelegate -  mvn -B site
2018-05-30 16:01:22,911 [main] INFO  o.e.m2e.actions.ExecutePomAction - Creating new launch configuration
2018-05-30 16:01:43,887 [Worker-13] INFO  o.e.m.i.launch.MavenLaunchDelegate - C:\Users\1843251\Downloads\Lorann\Lorann
2018-05-30 16:01:43,887 [Worker-13] INFO  o.e.m.i.launch.MavenLaunchDelegate -  mvn -B site:stage
